<?xml version="1.0" encoding="UTF-8"?>
<testsuite name="com.tutorial.tutorial_userregister.TutorialUserRegisterApplicationTests" tests="1" skipped="0" failures="0" errors="0" timestamp="2023-09-02T07:31:08" hostname="DESKTOP-FF68MM5" time="0.472">
  <properties/>
  <testcase name="contextLoads()" classname="com.tutorial.tutorial_userregister.TutorialUserRegisterApplicationTests" time="0.472"/>
  <system-out><![CDATA[16:31:03.837 [Test worker] INFO org.springframework.test.context.support.AnnotationConfigContextLoaderUtils -- Could not detect default configuration classes for test class [com.tutorial.tutorial_userregister.TutorialUserRegisterApplicationTests]: TutorialUserRegisterApplicationTests does not declare any static, non-private, non-final, nested classes annotated with @Configuration.
16:31:03.947 [Test worker] INFO org.springframework.boot.test.context.SpringBootTestContextBootstrapper -- Found @SpringBootConfiguration com.tutorial.tutorial_userregister.TutorialUserRegisterApplication for test class com.tutorial.tutorial_userregister.TutorialUserRegisterApplicationTests

  .   ____          _            __ _ _
 /\\ / ___'_ __ _ _(_)_ __  __ _ \ \ \ \
( ( )\___ | '_ | '_| | '_ \/ _` | \ \ \ \
 \\/  ___)| |_)| | | | | || (_| |  ) ) ) )
  '  |____| .__|_| |_|_| |_\__, | / / / /
 =========|_|==============|___/=/_/_/_/
 :: Spring Boot ::                (v3.1.3)

2023-09-02T16:31:04.330+09:00  INFO 23508 --- [    Test worker] t.t.TutorialUserRegisterApplicationTests : Starting TutorialUserRegisterApplicationTests using Java 17.0.8 with PID 23508 (started by Administrator in C:\Git\Spring\Tutorial_UserRegister)
2023-09-02T16:31:04.332+09:00  INFO 23508 --- [    Test worker] t.t.TutorialUserRegisterApplicationTests : No active profile set, falling back to 1 default profile: "default"
2023-09-02T16:31:04.984+09:00  INFO 23508 --- [    Test worker] .s.d.r.c.RepositoryConfigurationDelegate : Bootstrapping Spring Data JPA repositories in DEFAULT mode.
2023-09-02T16:31:05.047+09:00  INFO 23508 --- [    Test worker] .s.d.r.c.RepositoryConfigurationDelegate : Finished Spring Data repository scanning in 52 ms. Found 1 JPA repository interfaces.
2023-09-02T16:31:05.518+09:00  INFO 23508 --- [    Test worker] o.hibernate.jpa.internal.util.LogHelper  : HHH000204: Processing PersistenceUnitInfo [name: default]
2023-09-02T16:31:05.586+09:00  INFO 23508 --- [    Test worker] org.hibernate.Version                    : HHH000412: Hibernate ORM core version 6.2.7.Final
2023-09-02T16:31:05.588+09:00  INFO 23508 --- [    Test worker] org.hibernate.cfg.Environment            : HHH000406: Using bytecode reflection optimizer
2023-09-02T16:31:05.729+09:00  INFO 23508 --- [    Test worker] o.h.b.i.BytecodeProviderInitiator        : HHH000021: Bytecode provider name : bytebuddy
2023-09-02T16:31:05.874+09:00  INFO 23508 --- [    Test worker] o.s.o.j.p.SpringPersistenceUnitInfo      : No LoadTimeWeaver setup: ignoring JPA class transformer
2023-09-02T16:31:05.888+09:00  INFO 23508 --- [    Test worker] com.zaxxer.hikari.HikariDataSource       : HikariPool-1 - Starting...
2023-09-02T16:31:06.054+09:00  INFO 23508 --- [    Test worker] com.zaxxer.hikari.pool.HikariPool        : HikariPool-1 - Added connection com.mysql.cj.jdbc.ConnectionImpl@1d3d76b4
2023-09-02T16:31:06.057+09:00  INFO 23508 --- [    Test worker] com.zaxxer.hikari.HikariDataSource       : HikariPool-1 - Start completed.
2023-09-02T16:31:06.100+09:00  WARN 23508 --- [    Test worker] org.hibernate.orm.deprecation            : HHH90000026: MySQL8Dialect has been deprecated; use org.hibernate.dialect.MySQLDialect instead
2023-09-02T16:31:06.285+09:00  INFO 23508 --- [    Test worker] o.h.b.i.BytecodeProviderInitiator        : HHH000021: Bytecode provider name : bytebuddy
2023-09-02T16:31:06.843+09:00  INFO 23508 --- [    Test worker] o.h.e.t.j.p.i.JtaPlatformInitiator       : HHH000490: Using JtaPlatform implementation: [org.hibernate.engine.transaction.jta.platform.internal.NoJtaPlatform]
Hibernate: 
    drop table if exists tutorial_register
Hibernate: 
    drop table if exists tutorial_register_seq
Hibernate: 
    create table tutorial_register (
        create_at datetime(6),
        update_at datetime(6),
        user_no bigint not null,
        pw varchar(255) not null,
        user_auth varchar(255),
        userid varchar(255) not null,
        primary key (user_no)
    ) engine=InnoDB
Hibernate: 
    create table tutorial_register_seq (
        next_val bigint
    ) engine=InnoDB
Hibernate: 
    insert into tutorial_register_seq values ( 1 )
2023-09-02T16:31:06.956+09:00  INFO 23508 --- [    Test worker] j.LocalContainerEntityManagerFactoryBean : Initialized JPA EntityManagerFactory for persistence unit 'default'
2023-09-02T16:31:07.036+09:00  WARN 23508 --- [    Test worker] JpaBaseConfiguration$JpaWebConfiguration : spring.jpa.open-in-view is enabled by default. Therefore, database queries may be performed during view rendering. Explicitly configure spring.jpa.open-in-view to disable this warning
2023-09-02T16:31:07.059+09:00  WARN 23508 --- [    Test worker] .s.s.UserDetailsServiceAutoConfiguration : 

Using generated security password: fbdef382-b444-4845-9bf2-4d5c55c1ba61

This generated password is for development use only. Your security configuration must be updated before running your application in production.

2023-09-02T16:31:07.220+09:00  INFO 23508 --- [    Test worker] o.s.s.web.DefaultSecurityFilterChain     : Will secure any request with [org.springframework.security.web.session.DisableEncodeUrlFilter@772bc4c9, org.springframework.security.web.context.request.async.WebAsyncManagerIntegrationFilter@152dbf8e, org.springframework.security.web.context.SecurityContextHolderFilter@c6a3f47, org.springframework.security.web.header.HeaderWriterFilter@40199d5e, org.springframework.security.web.authentication.logout.LogoutFilter@1c3a64b6, org.springframework.security.web.authentication.UsernamePasswordAuthenticationFilter@42a7e7e1, org.springframework.security.web.savedrequest.RequestCacheAwareFilter@4840ec68, org.springframework.security.web.servletapi.SecurityContextHolderAwareRequestFilter@43dddfdd, org.springframework.security.web.authentication.AnonymousAuthenticationFilter@34ea86ff, org.springframework.security.web.access.ExceptionTranslationFilter@446981a4, org.springframework.security.web.access.intercept.AuthorizationFilter@334d825c]
2023-09-02T16:31:07.666+09:00  INFO 23508 --- [    Test worker] o.s.b.a.w.s.WelcomePageHandlerMapping    : Adding welcome page: class path resource [static/index.html]
2023-09-02T16:31:08.352+09:00  INFO 23508 --- [    Test worker] t.t.TutorialUserRegisterApplicationTests : Started TutorialUserRegisterApplicationTests in 4.247 seconds (process running for 5.349)
]]></system-out>
  <system-err><![CDATA[]]></system-err>
</testsuite>
